2015-11-25_18-25-42 =======================================================
2015-11-25_18-25-42 Executing Reset script
2015-11-25_18-25-42 Parameters
2015-11-25_18-25-42       URL http://127.0.0.1
2015-11-25_18-25-42       TEMP /mondo/temp
2015-11-25_18-25-42       FRONT_LIST 
2015-11-25_18-25-42       LENS_SCRIPT /mondo/lens_new/run.sh
2015-11-25_18-25-42       JAVA_HOME /opt/jdk1.8.0_66
2015-11-25_18-25-42       MODEL_EXTENSIONS xmi
2015-11-25_18-25-42       ADMIN_USER admin
2015-11-25_18-25-42       ADMIN_PWD admin
2015-11-25_18-25-42       GOLD_REPOS svn/pengineer
2015-11-25_18-25-42       TEMP_GOLD /mondo/temp/tempGoldsvn/pengineer
2015-11-25_18-25-42       TEMP_FRONTS /mondo/temp/tempFront
2015-11-25_18-25-42       TEMP_CURRENT 
2015-11-25_18-25-42 clear TEMP_FRONTS - /mondo/temp/tempFront
2015-11-25_18-25-42 clear tempGold folder - /mondo/temp/tempGold
2015-11-25_18-25-42 checkout gold - from http://127.0.0.1svn/pengineer to /mondo/temp/tempGoldsvn/pengineer
2015-11-25_18-28-19 =======================================================
2015-11-25_18-28-19 Executing Reset script
2015-11-25_18-28-19 Parameters
2015-11-25_18-28-19       URL http://127.0.0.1/
2015-11-25_18-28-19       TEMP /mondo/temp
2015-11-25_18-28-19       FRONT_LIST 
2015-11-25_18-28-19       LENS_SCRIPT /mondo/lens_new/run.sh
2015-11-25_18-28-19       JAVA_HOME /opt/jdk1.8.0_66
2015-11-25_18-28-19       MODEL_EXTENSIONS xmi
2015-11-25_18-28-19       ADMIN_USER admin
2015-11-25_18-28-19       ADMIN_PWD admin
2015-11-25_18-28-19       GOLD_REPOS svn/pengineer
2015-11-25_18-28-19       TEMP_GOLD /mondo/temp/tempGoldsvn/pengineer
2015-11-25_18-28-19       TEMP_FRONTS /mondo/temp/tempFront
2015-11-25_18-28-19       TEMP_CURRENT 
2015-11-25_18-28-19 clear TEMP_FRONTS - /mondo/temp/tempFront
2015-11-25_18-28-19 clear tempGold folder - /mondo/temp/tempGold
2015-11-25_18-28-19 checkout gold - from http://127.0.0.1//svn/pengineer to /mondo/temp/tempGoldsvn/pengineer
2015-11-25_18-28-23 find models with specific extension - xmi
2015-11-25_18-28-23 iterate over the front list
2015-11-25_18-28-23      processing: iomanager in the name of IOManager
2015-11-25_18-28-23         checkout the repository - from http://127.0.0.1//svn/iomanager to /mondo/temp/tempFront/iomanager
2015-11-25_18-28-23         synchronizing the source tree
2015-11-25_18-28-24            rsync -av --exclude='.svn' /mondo/temp/tempGoldsvn/pengineer/ /mondo/temp/tempFront/iomanager
2015-11-25_18-28-24         start iterating over the model files
2015-11-25_18-28-24         -> file: /mondo/temp/tempGoldsvn/pengineer/mondo_modified_original/complete_diagram.xmi
2015-11-25_18-28-24         ->   executing the lens
2015-11-25_18-28-24         ->     /mondo/lens_new/run.sh
2015-11-25_18-28-24         ->     IOManager
2015-11-25_18-28-24         ->     /mondo/temp/tempGoldsvn/pengineer/mondo_modified_original/complete_diagram.xmi
2015-11-25_18-28-24         ->     /mondo/temp/tempFront/iomanager/mondo_modified_original/complete_diagram.xmi
2015-11-25_18-28-24         ->     '-performGet' /mondo/temp
2015-11-25_18-28-24         ->     seed_/iomanager salt_/iomanager mondo
2015-11-25_18-45-24 =======================================================
2015-11-25_18-45-24 Executing Reset script
2015-11-25_18-45-24 Parameters
2015-11-25_18-45-24       URL http://127.0.0.1/
2015-11-25_18-45-24       TEMP /mondo/temp
2015-11-25_18-45-24       FRONT_LIST 
2015-11-25_18-45-24       LENS_SCRIPT /mondo/lens_new/run.sh
2015-11-25_18-45-24       JAVA_HOME /opt/jdk1.8.0_66
2015-11-25_18-45-24       MODEL_EXTENSIONS xmi
2015-11-25_18-45-24       ADMIN_USER admin
2015-11-25_18-45-24       ADMIN_PWD admin
2015-11-25_18-45-24       GOLD_REPOS svn/pengineer
2015-11-25_18-45-24       TEMP_GOLD /mondo/temp/tempGoldsvn/pengineer
2015-11-25_18-45-24       TEMP_FRONTS /mondo/temp/tempFront
2015-11-25_18-45-24       TEMP_CURRENT 
2015-11-25_18-45-24 clear TEMP_FRONTS - /mondo/temp/tempFront
2015-11-25_18-45-24 clear tempGold folder - /mondo/temp/tempGold
2015-11-25_18-45-24 checkout gold - from http://127.0.0.1//svn/pengineer to /mondo/temp/tempGoldsvn/pengineer
2015-11-25_18-45-24 find models with specific extension - xmi
2015-11-25_18-45-24 iterate over the front list
2015-11-25_18-45-24      processing: iomanager in the name of IOManager
2015-11-25_18-45-24         checkout the repository - from http://127.0.0.1//svn/iomanager to /mondo/temp/tempFront/iomanager
2015-11-25_18-45-24         synchronizing the source tree
2015-11-25_18-45-24            rsync -av --exclude='.svn' /mondo/temp/tempGoldsvn/pengineer/ /mondo/temp/tempFront/iomanager
2015-11-25_18-45-25         start iterating over the model files
2015-11-25_18-45-25         -> file: /mondo/temp/tempGoldsvn/pengineer/mondo_modified_original/complete_diagram.xmi
2015-11-25_18-45-25         ->   executing the lens
2015-11-25_18-45-25         ->     /mondo/lens_new/run.sh
2015-11-25_18-45-25         ->     IOManager
2015-11-25_18-45-25         ->     /mondo/temp/tempGoldsvn/pengineer/mondo_modified_original/complete_diagram.xmi
2015-11-25_18-45-25         ->     /mondo/temp/tempFront/iomanager/mondo_modified_original/complete_diagram.xmi
2015-11-25_18-45-25         ->     '-performGet' /mondo/temp
2015-11-25_18-45-25         ->     seed_/iomanager salt_/iomanager mondo
2015-11-25_18-53-36 =======================================================
2015-11-25_18-53-36 Executing Reset script
2015-11-25_18-53-36 Parameters
2015-11-25_18-53-36       URL http://127.0.0.1/
2015-11-25_18-53-36       TEMP /mondo/temp
2015-11-25_18-53-36       FRONT_LIST 
2015-11-25_18-53-37       LENS_SCRIPT /mondo/lens_new/run.sh
2015-11-25_18-53-37       JAVA_HOME /opt/jdk1.8.0_66
2015-11-25_18-53-37       MODEL_EXTENSIONS xmi
2015-11-25_18-53-37       ADMIN_USER admin
2015-11-25_18-53-37       ADMIN_PWD admin
2015-11-25_18-53-37       GOLD_REPOS svn/pengineer
2015-11-25_18-53-37       TEMP_GOLD /mondo/temp/tempGoldsvn/pengineer
2015-11-25_18-53-37       TEMP_FRONTS /mondo/temp/tempFront
2015-11-25_18-53-37       TEMP_CURRENT 
2015-11-25_18-53-37 clear TEMP_FRONTS - /mondo/temp/tempFront
2015-11-25_18-53-37 clear tempGold folder - /mondo/temp/tempGold
2015-11-25_18-53-37 checkout gold - from http://127.0.0.1//svn/pengineer to /mondo/temp/tempGoldsvn/pengineer
2015-11-25_18-53-37 find models with specific extension - xmi
2015-11-25_18-53-37 iterate over the front list
2015-11-25_18-53-37      processing: iomanager in the name of anIOManager
2015-11-25_18-53-37         checkout the repository - from http://127.0.0.1//svn/iomanager to /mondo/temp/tempFront/iomanager
2015-11-25_18-53-37         synchronizing the source tree
2015-11-25_18-53-37            rsync -av --exclude='.svn' /mondo/temp/tempGoldsvn/pengineer/ /mondo/temp/tempFront/iomanager
2015-11-25_18-53-37         start iterating over the model files
2015-11-25_18-53-37         step into the current folder - /mondo/temp/tempFront/iomanager
2015-11-25_18-53-37         add all modifications to svn
2015-11-25_18-53-37         execute commit
2015-11-25_18-53-39      processing: manager in the name of aManager
2015-11-25_18-53-39         checkout the repository - from http://127.0.0.1//svn/manager to /mondo/temp/tempFront/manager
2015-11-25_18-53-39         synchronizing the source tree
2015-11-25_18-53-39            rsync -av --exclude='.svn' /mondo/temp/tempGoldsvn/pengineer/ /mondo/temp/tempFront/manager
2015-11-25_18-53-39         start iterating over the model files
2015-11-25_18-53-39         step into the current folder - /mondo/temp/tempFront/manager
2015-11-25_18-53-39         add all modifications to svn
2015-11-25_18-53-39         execute commit
2015-11-25_18-53-42      processing: ssmanager in the name of aSSManager
2015-11-25_18-53-42         checkout the repository - from http://127.0.0.1//svn/ssmanager to /mondo/temp/tempFront/ssmanager
2015-11-25_18-53-42         synchronizing the source tree
2015-11-25_18-53-42            rsync -av --exclude='.svn' /mondo/temp/tempGoldsvn/pengineer/ /mondo/temp/tempFront/ssmanager
2015-11-25_18-53-42         start iterating over the model files
2015-11-25_18-53-42         step into the current folder - /mondo/temp/tempFront/ssmanager
2015-11-25_18-53-42         add all modifications to svn
2015-11-25_18-53-42         execute commit
2015-11-25_18-53-44      processing: sengineer in the name of aServiceEngineer
2015-11-25_18-53-44         checkout the repository - from http://127.0.0.1//svn/sengineer to /mondo/temp/tempFront/sengineer
2015-11-25_18-53-44         synchronizing the source tree
2015-11-25_18-53-44            rsync -av --exclude='.svn' /mondo/temp/tempGoldsvn/pengineer/ /mondo/temp/tempFront/sengineer
2015-11-25_18-53-44         start iterating over the model files
2015-11-25_18-53-44         step into the current folder - /mondo/temp/tempFront/sengineer
2015-11-25_18-53-44         add all modifications to svn
2015-11-25_18-53-44         execute commit
2015-11-25_18-53-47 Reset script finished finished successfully
2015-11-26_17-35-06 =======================================================
2015-11-26_17-35-06 Executing Reset script
2015-11-26_17-35-06 Parameters
2015-11-26_17-35-06       URL http://127.0.0.1/
2015-11-26_17-35-06       TEMP /mondo/temp
2015-11-26_17-35-06       FRONT_LIST 
2015-11-26_17-35-06       LENS_SCRIPT /mondo/lens_new/run.sh
2015-11-26_17-35-06       JAVA_HOME /opt/jdk1.8.0_66
2015-11-26_17-35-06       MODEL_EXTENSIONS wtspec4m
2015-11-26_17-35-06       ADMIN_USER admin
2015-11-26_17-35-06       ADMIN_PWD admin
2015-11-26_17-35-06       GOLD_REPOS svn/pengineer
2015-11-26_17-35-06       TEMP_GOLD /mondo/temp/tempGoldsvn/pengineer
2015-11-26_17-35-06       TEMP_FRONTS /mondo/temp/tempFront
2015-11-26_17-35-06       TEMP_CURRENT 
2015-11-26_17-35-06 clear TEMP_FRONTS - /mondo/temp/tempFront
2015-11-26_17-35-06 clear tempGold folder - /mondo/temp/tempGold
2015-11-26_17-35-06 checkout gold - from http://127.0.0.1//svn/pengineer to /mondo/temp/tempGoldsvn/pengineer
2015-11-26_17-35-07 find models with specific extension - wtspec4m
2015-11-26_17-35-07 iterate over the front list
2015-11-26_17-35-07      processing: iomanager in the name of anIOManager
2015-11-26_17-35-07         checkout the repository - from http://127.0.0.1//svn/iomanager to /mondo/temp/tempFront/iomanager
2015-11-26_17-35-07         synchronizing the source tree
2015-11-26_17-35-07            rsync -av --exclude='.svn' /mondo/temp/tempGoldsvn/pengineer/ /mondo/temp/tempFront/iomanager
2015-11-26_17-35-07         start iterating over the model files
2015-11-26_17-35-07         -> file: /mondo/temp/tempGoldsvn/pengineer/test/example.wtspec4m
2015-11-26_17-35-07         ->   executing the lens
2015-11-26_17-35-07         ->     /mondo/lens_new/run.sh
2015-11-26_17-35-07         ->     anIOManager
2015-11-26_17-35-07         ->     /mondo/temp/tempGoldsvn/pengineer/test/example.wtspec4m
2015-11-26_17-35-07         ->     /mondo/temp/tempFront/iomanager/test/example.wtspec4m
2015-11-26_17-35-07         ->     '-performGet' /mondo/temp
2015-11-26_17-35-07         ->     seed_/iomanager salt_/iomanager mondo
2015-11-26_19-03-30 =======================================================
2015-11-26_19-03-30 Executing Reset script
2015-11-26_19-03-30 Parameters
2015-11-26_19-03-30       URL http://127.0.0.1/
2015-11-26_19-03-30       TEMP /mondo/temp
2015-11-26_19-03-30       FRONT_LIST 
2015-11-26_19-03-30       LENS_SCRIPT /mondo/lens_new/run.sh
2015-11-26_19-03-30       JAVA_HOME /opt/jdk1.8.0_66
2015-11-26_19-03-30       MODEL_EXTENSIONS wtspec4m
2015-11-26_19-03-30       ADMIN_USER admin
2015-11-26_19-03-30       ADMIN_PWD admin
2015-11-26_19-03-30       GOLD_REPOS svn/pengineer
2015-11-26_19-03-30       TEMP_GOLD /mondo/temp/tempGoldsvn/pengineer
2015-11-26_19-03-30       TEMP_FRONTS /mondo/temp/tempFront
2015-11-26_19-03-30       TEMP_CURRENT 
2015-11-26_19-03-30 clear TEMP_FRONTS - /mondo/temp/tempFront
2015-11-26_19-03-30 clear tempGold folder - /mondo/temp/tempGold
2015-11-26_19-03-30 checkout gold - from http://127.0.0.1//svn/pengineer to /mondo/temp/tempGoldsvn/pengineer
2015-11-26_19-03-30 find models with specific extension - wtspec4m
2015-11-26_19-03-30 iterate over the front list
2015-11-26_19-03-30      processing: iomanager in the name of anIOManager
2015-11-26_19-03-30         checkout the repository - from http://127.0.0.1//svn/iomanager to /mondo/temp/tempFront/iomanager
2015-11-26_19-03-31         synchronizing the source tree
2015-11-26_19-03-31            rsync -av --exclude='.svn' /mondo/temp/tempGoldsvn/pengineer/ /mondo/temp/tempFront/iomanager
2015-11-26_19-03-31         start iterating over the model files
2015-11-26_19-03-31         -> file: /mondo/temp/tempGoldsvn/pengineer/test/example.wtspec4m
2015-11-26_19-03-31         ->   executing the lens
2015-11-26_19-03-31         ->     /mondo/lens_new/run.sh
2015-11-26_19-03-31         ->     anIOManager
2015-11-26_19-03-31         ->     /mondo/temp/tempGoldsvn/pengineer/test/example.wtspec4m
2015-11-26_19-03-31         ->     /mondo/temp/tempFront/iomanager/test/example.wtspec4m
2015-11-26_19-03-31         ->     '-performGet' /mondo/temp
2015-11-26_19-03-31         ->     seed_/iomanager salt_/iomanager mondo
2015-11-26_19-04-15 =======================================================
2015-11-26_19-04-15 Executing Reset script
2015-11-26_19-04-15 Parameters
2015-11-26_19-04-15       URL http://127.0.0.1/
2015-11-26_19-04-15       TEMP /mondo/temp
2015-11-26_19-04-15       FRONT_LIST 
2015-11-26_19-04-15       LENS_SCRIPT /mondo/lens_new/run.sh
2015-11-26_19-04-15       JAVA_HOME /opt/jdk1.8.0_66
2015-11-26_19-04-15       MODEL_EXTENSIONS wtspec4m
2015-11-26_19-04-15       ADMIN_USER admin
2015-11-26_19-04-15       ADMIN_PWD admin
2015-11-26_19-04-15       GOLD_REPOS svn/pengineer
2015-11-26_19-04-15       TEMP_GOLD /mondo/temp/tempGoldsvn/pengineer
2015-11-26_19-04-15       TEMP_FRONTS /mondo/temp/tempFront
2015-11-26_19-04-15       TEMP_CURRENT 
2015-11-26_19-04-15 clear TEMP_FRONTS - /mondo/temp/tempFront
2015-11-26_19-04-15 clear tempGold folder - /mondo/temp/tempGold
2015-11-26_19-04-15 checkout gold - from http://127.0.0.1//svn/pengineer to /mondo/temp/tempGoldsvn/pengineer
2015-11-26_19-04-15 find models with specific extension - wtspec4m
2015-11-26_19-04-15 iterate over the front list
2015-11-26_19-04-15      processing: iomanager in the name of anIOManager
2015-11-26_19-04-15         checkout the repository - from http://127.0.0.1//svn/iomanager to /mondo/temp/tempFront/iomanager
2015-11-26_19-04-16         synchronizing the source tree
2015-11-26_19-04-16            rsync -av --exclude='.svn' /mondo/temp/tempGoldsvn/pengineer/ /mondo/temp/tempFront/iomanager
2015-11-26_19-04-16         start iterating over the model files
2015-11-26_19-04-16         -> file: /mondo/temp/tempGoldsvn/pengineer/test/example.wtspec4m
2015-11-26_19-04-16         ->   executing the lens
2015-11-26_19-04-16         ->     /mondo/lens_new/run.sh
2015-11-26_19-04-16         ->     anIOManager
2015-11-26_19-04-16         ->     /mondo/temp/tempGoldsvn/pengineer/test/example.wtspec4m
2015-11-26_19-04-16         ->     /mondo/temp/tempFront/iomanager/test/example.wtspec4m
2015-11-26_19-04-16         ->     '-performGet' /mondo/temp
2015-11-26_19-04-16         ->     seed_/iomanager salt_/iomanager mondo
2015-11-26_23-00-28 =======================================================
2015-11-26_23-00-28 Executing Reset script
2015-11-26_23-00-28 Parameters
2015-11-26_23-00-28       URL http://127.0.0.1/
2015-11-26_23-00-28       TEMP /mondo/temp
2015-11-26_23-00-28       FRONT_LIST 
2015-11-26_23-00-28       LENS_SCRIPT /mondo/lens_new/run.sh
2015-11-26_23-00-28       JAVA_HOME /opt/jdk1.8.0_66
2015-11-26_23-00-28       MODEL_EXTENSIONS wtspec4m
2015-11-26_23-00-28       ADMIN_USER admin
2015-11-26_23-00-28       ADMIN_PWD admin
2015-11-26_23-00-28       GOLD_REPOS svn/pengineer
2015-11-26_23-00-28       TEMP_GOLD /mondo/temp/tempGoldsvn/pengineer
2015-11-26_23-00-28       TEMP_FRONTS /mondo/temp/tempFront
2015-11-26_23-00-28       TEMP_CURRENT 
2015-11-26_23-00-28 clear TEMP_FRONTS - /mondo/temp/tempFront
2015-11-26_23-00-28 clear tempGold folder - /mondo/temp/tempGold
2015-11-26_23-00-28 checkout gold - from http://127.0.0.1//svn/pengineer to /mondo/temp/tempGoldsvn/pengineer
2015-11-26_23-00-28 find models with specific extension - wtspec4m
2015-11-26_23-00-28 iterate over the front list
2015-11-26_23-00-28      processing: iomanager in the name of anIOManager
2015-11-26_23-00-28         checkout the repository - from http://127.0.0.1//svn/iomanager to /mondo/temp/tempFront/iomanager
2015-11-26_23-00-28         synchronizing the source tree
2015-11-26_23-00-28            rsync -av --exclude='.svn' /mondo/temp/tempGoldsvn/pengineer/ /mondo/temp/tempFront/iomanager
2015-11-26_23-00-29         start iterating over the model files
2015-11-26_23-00-29         -> file: /mondo/temp/tempGoldsvn/pengineer/test/example.wtspec4m
2015-11-26_23-00-29         ->   executing the lens
2015-11-26_23-00-29         ->     /mondo/lens_new/run.sh
2015-11-26_23-00-29         ->     anIOManager
2015-11-26_23-00-29         ->     /mondo/temp/tempGoldsvn/pengineer/test/example.wtspec4m
2015-11-26_23-00-29         ->     /mondo/temp/tempFront/iomanager/test/example.wtspec4m
2015-11-26_23-00-29         ->     '-performGet' /mondo/temp
2015-11-26_23-00-29         ->     seed_/iomanager salt_/iomanager mondo
